Arguments: 
  /usr/local/Cellar/node/9.5.0/bin/node /usr/local/bin/yarn install

PATH: 
  /Users/edward/.cargo/bin:/usr/local/bin:/usr/bin:/bin:/usr/sbin:/sbin:/Library/TeX/texbin:/usr/local/share/dotnet:/Users/edward/.cargo/bin:/usr/local/Cellar/node/9.5.0/bin:/Users/edward/.meteor:/usr/local/Cellar/node/9.5.0/bin:/Users/edward/.meteor

Yarn version: 
  0.16.1

Node version: 
  9.5.0

Platform: 
  darwin x64

npm manifest: 
  {
      "name": "lambdas-infrastructure",
      "dependencies": {
          "request": "^2.83.0",
          "xml2js": "^0.4.19"
      },
      "devDependencies": {
          "@types/node": "^9.4.6",
          "@types/request": "^2.47.0",
          "@types/xml2js": "^0.4.2",
      }
  }

yarn manifest: 
  No manifest

bower manifest: 
  No manifest

Lockfile: 
  No lockfile

Trace: 
  SyntaxError: /Users/edward/arxiv-search/Lambda/infrastructure/package.json: Unexpected token } in JSON at position 261
      at JSON.parse (<anonymous>)
      at /usr/local/lib/node_modules/yarn/lib/util/fs.js:271:57
      at Generator.next (<anonymous>)
      at step (/usr/local/lib/node_modules/yarn/node_modules/babel-runtime/helpers/asyncToGenerator.js:17:30)
      at /usr/local/lib/node_modules/yarn/node_modules/babel-runtime/helpers/asyncToGenerator.js:28:13
      at <anonymous>
